09:55:58.311 [main] DEBUG o.prgms.kdt.kdtspringorder.LogTester - logger name => org.prgms.kdt.kdtspringorder.LogTester
%PARSER_ERROR[clr] [main] DEBUG o.prgms.kdt.kdtspringorder.LogTester - logger name => org.prgms.kdt.kdtspringorder.LogTester
[31md{HH:mm:ss.SSS}[0;39m [main] DEBUG o.prgms.kdt.kdtspringorder.LogTester - logger name => org.prgms.kdt.kdtspringorder.LogTester
clr(10:04:30.909[31m10:05:02.860[0;39m [main] DEBUG o.prgms.kdt.kdtspringorder.LogTester - logger name => org.prgms.kdt.kdtspringorder.LogTester
[31m10:06:27.184[0;39m [main] WARN  o.prgms.kdt.kdtspringorder.LogTester - logger name => org.prgms.kdt.kdtspringorder.LogTester
10:08:46.960 [main] WARN  o.prgms.kdt.kdtspringorder.LogTester - logger name => org.prgms.kdt.kdtspringorder.LogTester
22:07:53.572 [main] WARN  o.prgms.kdt.kdtspringorder.LogTester - logger name => org.prgms.kdt.kdtspringorder.LogTester
22:08:01.365 [main] INFO  o.p.k.k.KdtSpringOrderApplication - Starting KdtSpringOrderApplication using Java 16.0.2 on Jungui-MacBookPro.local with PID 79198 (/Users/jung/Desktop/Dev/Programmers_BackEnd_Dev-Course/springboot/kdt-spring-order/target/classes started by jung in /Users/jung/Desktop/Dev/Programmers_BackEnd_Dev-Course/springboot/kdt-spring-order)
22:08:01.366 [main] DEBUG o.p.k.k.KdtSpringOrderApplication - Running with Spring Boot v2.6.6, Spring v5.3.18
22:08:01.367 [main] INFO  o.p.k.k.KdtSpringOrderApplication - No active profile set, falling back to 1 default profile: "default"
22:09:03.781 [main] INFO  o.p.k.k.KdtSpringOrderApplication - Starting KdtSpringOrderApplication using Java 16.0.2 on Jungui-MacBookPro.local with PID 79207 (/Users/jung/Desktop/Dev/Programmers_BackEnd_Dev-Course/springboot/kdt-spring-order/target/classes started by jung in /Users/jung/Desktop/Dev/Programmers_BackEnd_Dev-Course/springboot/kdt-spring-order)
22:09:03.783 [main] DEBUG o.p.k.k.KdtSpringOrderApplication - Running with Spring Boot v2.6.6, Spring v5.3.18
22:09:03.784 [main] INFO  o.p.k.k.KdtSpringOrderApplication - No active profile set, falling back to 1 default profile: "default"
22:11:12.702 [main] INFO  o.p.k.k.KdtSpringOrderApplication - Starting KdtSpringOrderApplication using Java 16.0.2 on Jungui-MacBookPro.local with PID 79218 (/Users/jung/Desktop/Dev/Programmers_BackEnd_Dev-Course/springboot/kdt-spring-order/target/classes started by jung in /Users/jung/Desktop/Dev/Programmers_BackEnd_Dev-Course/springboot/kdt-spring-order)
22:11:12.703 [main] DEBUG o.p.k.k.KdtSpringOrderApplication - Running with Spring Boot v2.6.6, Spring v5.3.18
22:11:12.704 [main] INFO  o.p.k.k.KdtSpringOrderApplication - No active profile set, falling back to 1 default profile: "default"
22:11:29.606 [main] INFO  o.p.k.k.KdtSpringOrderApplication - Starting KdtSpringOrderApplication using Java 16.0.2 on Jungui-MacBookPro.local with PID 79228 (/Users/jung/Desktop/Dev/Programmers_BackEnd_Dev-Course/springboot/kdt-spring-order/target/classes started by jung in /Users/jung/Desktop/Dev/Programmers_BackEnd_Dev-Course/springboot/kdt-spring-order)
22:11:29.608 [main] DEBUG o.p.k.k.KdtSpringOrderApplication - Running with Spring Boot v2.6.6, Spring v5.3.18
22:11:29.608 [main] INFO  o.p.k.k.KdtSpringOrderApplication - The following 1 profile is active: "local"
22:11:30.200 [main] INFO  o.p.k.k.KdtSpringOrderApplication - Started KdtSpringOrderApplication in 0.932 seconds (JVM running for 1.632)
22:13:04.100 [main] INFO  o.p.k.k.KdtSpringOrderApplication - Starting KdtSpringOrderApplication using Java 16.0.2 on Jungui-MacBookPro.local with PID 79236 (/Users/jung/Desktop/Dev/Programmers_BackEnd_Dev-Course/springboot/kdt-spring-order/target/classes started by jung in /Users/jung/Desktop/Dev/Programmers_BackEnd_Dev-Course/springboot/kdt-spring-order)
22:13:04.101 [main] DEBUG o.p.k.k.KdtSpringOrderApplication - Running with Spring Boot v2.6.6, Spring v5.3.18
22:13:04.101 [main] INFO  o.p.k.k.KdtSpringOrderApplication - The following 1 profile is active: "local"
22:13:04.696 [main] INFO  o.p.k.k.KdtSpringOrderApplication - Started KdtSpringOrderApplication in 0.911 seconds (JVM running for 1.586)
22:17:06.432 [main] INFO  o.p.k.k.KdtSpringOrderApplicationTests - Starting KdtSpringOrderApplicationTests using Java 18 on Jungui-MacBookPro.local with PID 79293 (started by jung in /Users/jung/Desktop/Dev/Programmers_BackEnd_Dev-Course/springboot/kdt-spring-order)
22:17:06.433 [main] DEBUG o.p.k.k.KdtSpringOrderApplicationTests - Running with Spring Boot v2.6.6, Spring v5.3.18
22:17:06.433 [main] INFO  o.p.k.k.KdtSpringOrderApplicationTests - No active profile set, falling back to 1 default profile: "default"
22:17:06.627 [main] INFO  o.p.k.k.KdtSpringOrderApplicationTests - Starting KdtSpringOrderApplicationTests using Java 18 on Jungui-MacBookPro.local with PID 79293 (started by jung in /Users/jung/Desktop/Dev/Programmers_BackEnd_Dev-Course/springboot/kdt-spring-order)
22:17:06.627 [main] DEBUG o.p.k.k.KdtSpringOrderApplicationTests - Running with Spring Boot v2.6.6, Spring v5.3.18
22:17:06.627 [main] INFO  o.p.k.k.KdtSpringOrderApplicationTests - No active profile set, falling back to 1 default profile: "default"
22:17:33.442 [main] INFO  o.p.k.k.KdtSpringOrderApplicationTests - Starting KdtSpringOrderApplicationTests using Java 18 on Jungui-MacBookPro.local with PID 79318 (started by jung in /Users/jung/Desktop/Dev/Programmers_BackEnd_Dev-Course/springboot/kdt-spring-order)
22:17:33.444 [main] DEBUG o.p.k.k.KdtSpringOrderApplicationTests - Running with Spring Boot v2.6.6, Spring v5.3.18
22:17:33.444 [main] INFO  o.p.k.k.KdtSpringOrderApplicationTests - No active profile set, falling back to 1 default profile: "default"
22:17:33.660 [main] INFO  o.p.k.k.KdtSpringOrderApplicationTests - Starting KdtSpringOrderApplicationTests using Java 18 on Jungui-MacBookPro.local with PID 79318 (started by jung in /Users/jung/Desktop/Dev/Programmers_BackEnd_Dev-Course/springboot/kdt-spring-order)
22:17:33.660 [main] DEBUG o.p.k.k.KdtSpringOrderApplicationTests - Running with Spring Boot v2.6.6, Spring v5.3.18
22:17:33.660 [main] INFO  o.p.k.k.KdtSpringOrderApplicationTests - No active profile set, falling back to 1 default profile: "default"
22:18:28.392 [main] INFO  o.p.k.k.KdtSpringOrderApplication - Starting KdtSpringOrderApplication using Java 16.0.2 on Jungui-MacBookPro.local with PID 79327 (/Users/jung/Desktop/Dev/Programmers_BackEnd_Dev-Course/springboot/kdt-spring-order/target/classes started by jung in /Users/jung/Desktop/Dev/Programmers_BackEnd_Dev-Course/springboot/kdt-spring-order)
22:18:28.393 [main] DEBUG o.p.k.k.KdtSpringOrderApplication - Running with Spring Boot v2.6.6, Spring v5.3.18
22:18:28.393 [main] INFO  o.p.k.k.KdtSpringOrderApplication - The following 1 profile is active: "local"
22:18:28.963 [main] INFO  o.p.k.k.KdtSpringOrderApplication - Started KdtSpringOrderApplication in 0.921 seconds (JVM running for 1.78)
22:20:09.127 [main] INFO  o.p.k.k.KdtSpringOrderApplicationTests - Starting KdtSpringOrderApplicationTests using Java 18 on Jungui-MacBookPro.local with PID 79360 (started by jung in /Users/jung/Desktop/Dev/Programmers_BackEnd_Dev-Course/springboot/kdt-spring-order)
22:20:09.128 [main] DEBUG o.p.k.k.KdtSpringOrderApplicationTests - Running with Spring Boot v2.6.6, Spring v5.3.18
22:20:09.129 [main] INFO  o.p.k.k.KdtSpringOrderApplicationTests - No active profile set, falling back to 1 default profile: "default"
22:20:09.324 [main] INFO  o.p.k.k.KdtSpringOrderApplicationTests - Starting KdtSpringOrderApplicationTests using Java 18 on Jungui-MacBookPro.local with PID 79360 (started by jung in /Users/jung/Desktop/Dev/Programmers_BackEnd_Dev-Course/springboot/kdt-spring-order)
22:20:09.324 [main] DEBUG o.p.k.k.KdtSpringOrderApplicationTests - Running with Spring Boot v2.6.6, Spring v5.3.18
22:20:09.324 [main] INFO  o.p.k.k.KdtSpringOrderApplicationTests - No active profile set, falling back to 1 default profile: "default"
22:21:34.605 [main] INFO  o.p.k.k.KdtSpringOrderApplicationTests - Starting KdtSpringOrderApplicationTests using Java 18 on Jungui-MacBookPro.local with PID 79431 (started by jung in /Users/jung/Desktop/Dev/Programmers_BackEnd_Dev-Course/springboot/kdt-spring-order)
22:21:34.606 [main] DEBUG o.p.k.k.KdtSpringOrderApplicationTests - Running with Spring Boot v2.6.6, Spring v5.3.18
22:21:34.606 [main] INFO  o.p.k.k.KdtSpringOrderApplicationTests - No active profile set, falling back to 1 default profile: "default"
22:21:34.800 [main] INFO  o.p.k.k.KdtSpringOrderApplicationTests - Starting KdtSpringOrderApplicationTests using Java 18 on Jungui-MacBookPro.local with PID 79431 (started by jung in /Users/jung/Desktop/Dev/Programmers_BackEnd_Dev-Course/springboot/kdt-spring-order)
22:21:34.800 [main] DEBUG o.p.k.k.KdtSpringOrderApplicationTests - Running with Spring Boot v2.6.6, Spring v5.3.18
22:21:34.801 [main] INFO  o.p.k.k.KdtSpringOrderApplicationTests - No active profile set, falling back to 1 default profile: "default"
22:23:56.017 [main] INFO  o.p.k.k.KdtSpringOrderApplicationTests - Starting KdtSpringOrderApplicationTests using Java 18 on Jungui-MacBookPro.local with PID 79469 (started by jung in /Users/jung/Desktop/Dev/Programmers_BackEnd_Dev-Course/springboot/kdt-spring-order)
22:23:56.018 [main] DEBUG o.p.k.k.KdtSpringOrderApplicationTests - Running with Spring Boot v2.6.6, Spring v5.3.18
22:23:56.018 [main] INFO  o.p.k.k.KdtSpringOrderApplicationTests - No active profile set, falling back to 1 default profile: "default"
22:23:56.210 [main] INFO  o.p.k.k.KdtSpringOrderApplicationTests - Starting KdtSpringOrderApplicationTests using Java 18 on Jungui-MacBookPro.local with PID 79469 (started by jung in /Users/jung/Desktop/Dev/Programmers_BackEnd_Dev-Course/springboot/kdt-spring-order)
22:23:56.210 [main] DEBUG o.p.k.k.KdtSpringOrderApplicationTests - Running with Spring Boot v2.6.6, Spring v5.3.18
22:23:56.210 [main] INFO  o.p.k.k.KdtSpringOrderApplicationTests - No active profile set, falling back to 1 default profile: "default"
22:24:49.429 [main] INFO  o.p.k.k.KdtSpringOrderApplication - Starting KdtSpringOrderApplication using Java 16.0.2 on Jungui-MacBookPro.local with PID 79484 (/Users/jung/Desktop/Dev/Programmers_BackEnd_Dev-Course/springboot/kdt-spring-order/target/classes started by jung in /Users/jung/Desktop/Dev/Programmers_BackEnd_Dev-Course/springboot/kdt-spring-order)
22:24:49.430 [main] DEBUG o.p.k.k.KdtSpringOrderApplication - Running with Spring Boot v2.6.6, Spring v5.3.18
22:24:49.431 [main] INFO  o.p.k.k.KdtSpringOrderApplication - No active profile set, falling back to 1 default profile: "default"
22:25:04.840 [main] INFO  o.p.k.k.KdtSpringOrderApplication - Starting KdtSpringOrderApplication using Java 16.0.2 on Jungui-MacBookPro.local with PID 79489 (/Users/jung/Desktop/Dev/Programmers_BackEnd_Dev-Course/springboot/kdt-spring-order/target/classes started by jung in /Users/jung/Desktop/Dev/Programmers_BackEnd_Dev-Course/springboot/kdt-spring-order)
22:25:04.842 [main] DEBUG o.p.k.k.KdtSpringOrderApplication - Running with Spring Boot v2.6.6, Spring v5.3.18
22:25:04.845 [main] INFO  o.p.k.k.KdtSpringOrderApplication - No active profile set, falling back to 1 default profile: "default"
22:28:57.804 [main] INFO  o.p.k.k.KdtSpringOrderApplication - Starting KdtSpringOrderApplication using Java 16.0.2 on Jungui-MacBookPro.local with PID 79516 (/Users/jung/Desktop/Dev/Programmers_BackEnd_Dev-Course/springboot/kdt-spring-order/target/classes started by jung in /Users/jung/Desktop/Dev/Programmers_BackEnd_Dev-Course/springboot/kdt-spring-order)
22:28:57.805 [main] DEBUG o.p.k.k.KdtSpringOrderApplication - Running with Spring Boot v2.6.6, Spring v5.3.18
22:28:57.806 [main] INFO  o.p.k.k.KdtSpringOrderApplication - The following 1 profile is active: "local"
22:28:58.447 [main] INFO  o.p.k.k.KdtSpringOrderApplication - Started KdtSpringOrderApplication in 0.992 seconds (JVM running for 1.764)
22:29:16.098 [main] INFO  o.p.k.k.KdtSpringOrderApplicationTests - Starting KdtSpringOrderApplicationTests using Java 18 on Jungui-MacBookPro.local with PID 79540 (started by jung in /Users/jung/Desktop/Dev/Programmers_BackEnd_Dev-Course/springboot/kdt-spring-order)
22:29:16.099 [main] DEBUG o.p.k.k.KdtSpringOrderApplicationTests - Running with Spring Boot v2.6.6, Spring v5.3.18
22:29:16.099 [main] INFO  o.p.k.k.KdtSpringOrderApplicationTests - No active profile set, falling back to 1 default profile: "default"
22:29:16.291 [main] INFO  o.p.k.k.KdtSpringOrderApplicationTests - Starting KdtSpringOrderApplicationTests using Java 18 on Jungui-MacBookPro.local with PID 79540 (started by jung in /Users/jung/Desktop/Dev/Programmers_BackEnd_Dev-Course/springboot/kdt-spring-order)
22:29:16.292 [main] DEBUG o.p.k.k.KdtSpringOrderApplicationTests - Running with Spring Boot v2.6.6, Spring v5.3.18
22:29:16.292 [main] INFO  o.p.k.k.KdtSpringOrderApplicationTests - No active profile set, falling back to 1 default profile: "default"
22:31:00.778 [main] INFO  o.p.k.k.KdtSpringOrderApplication - Starting KdtSpringOrderApplication using Java 16.0.2 on Jungui-MacBookPro.local with PID 79557 (/Users/jung/Desktop/Dev/Programmers_BackEnd_Dev-Course/springboot/kdt-spring-order/target/classes started by jung in /Users/jung/Desktop/Dev/Programmers_BackEnd_Dev-Course/springboot/kdt-spring-order)
22:31:00.779 [main] DEBUG o.p.k.k.KdtSpringOrderApplication - Running with Spring Boot v2.6.6, Spring v5.3.18
22:31:00.780 [main] INFO  o.p.k.k.KdtSpringOrderApplication - The following 1 profile is active: "local"
22:31:01.501 [main] INFO  o.p.k.k.KdtSpringOrderApplication - Started KdtSpringOrderApplication in 1.037 seconds (JVM running for 1.696)
22:31:09.599 [main] INFO  o.p.k.k.KdtSpringOrderApplicationTests - Starting KdtSpringOrderApplicationTests using Java 18 on Jungui-MacBookPro.local with PID 79590 (started by jung in /Users/jung/Desktop/Dev/Programmers_BackEnd_Dev-Course/springboot/kdt-spring-order)
22:31:09.600 [main] DEBUG o.p.k.k.KdtSpringOrderApplicationTests - Running with Spring Boot v2.6.6, Spring v5.3.18
22:31:09.600 [main] INFO  o.p.k.k.KdtSpringOrderApplicationTests - No active profile set, falling back to 1 default profile: "default"
22:31:09.788 [main] INFO  o.p.k.k.KdtSpringOrderApplicationTests - Starting KdtSpringOrderApplicationTests using Java 18 on Jungui-MacBookPro.local with PID 79590 (started by jung in /Users/jung/Desktop/Dev/Programmers_BackEnd_Dev-Course/springboot/kdt-spring-order)
22:31:09.788 [main] DEBUG o.p.k.k.KdtSpringOrderApplicationTests - Running with Spring Boot v2.6.6, Spring v5.3.18
22:31:09.788 [main] INFO  o.p.k.k.KdtSpringOrderApplicationTests - No active profile set, falling back to 1 default profile: "default"
22:31:37.897 [main] INFO  o.p.k.k.KdtSpringOrderApplicationTests - Starting KdtSpringOrderApplicationTests using Java 18 on Jungui-MacBookPro.local with PID 79641 (started by jung in /Users/jung/Desktop/Dev/Programmers_BackEnd_Dev-Course/springboot/kdt-spring-order)
22:31:37.898 [main] DEBUG o.p.k.k.KdtSpringOrderApplicationTests - Running with Spring Boot v2.6.6, Spring v5.3.18
22:31:37.898 [main] INFO  o.p.k.k.KdtSpringOrderApplicationTests - No active profile set, falling back to 1 default profile: "default"
22:31:38.081 [main] INFO  o.p.k.k.KdtSpringOrderApplicationTests - Starting KdtSpringOrderApplicationTests using Java 18 on Jungui-MacBookPro.local with PID 79641 (started by jung in /Users/jung/Desktop/Dev/Programmers_BackEnd_Dev-Course/springboot/kdt-spring-order)
22:31:38.082 [main] DEBUG o.p.k.k.KdtSpringOrderApplicationTests - Running with Spring Boot v2.6.6, Spring v5.3.18
22:31:38.082 [main] INFO  o.p.k.k.KdtSpringOrderApplicationTests - No active profile set, falling back to 1 default profile: "default"
22:33:53.231 [main] INFO  o.p.k.k.KdtSpringOrderApplicationTests - Starting KdtSpringOrderApplicationTests using Java 18 on Jungui-MacBookPro.local with PID 79682 (started by jung in /Users/jung/Desktop/Dev/Programmers_BackEnd_Dev-Course/springboot/kdt-spring-order)
22:33:53.232 [main] DEBUG o.p.k.k.KdtSpringOrderApplicationTests - Running with Spring Boot v2.6.6, Spring v5.3.18
22:33:53.232 [main] INFO  o.p.k.k.KdtSpringOrderApplicationTests - No active profile set, falling back to 1 default profile: "default"
22:33:53.427 [main] INFO  o.p.k.k.KdtSpringOrderApplicationTests - Starting KdtSpringOrderApplicationTests using Java 18 on Jungui-MacBookPro.local with PID 79682 (started by jung in /Users/jung/Desktop/Dev/Programmers_BackEnd_Dev-Course/springboot/kdt-spring-order)
22:33:53.427 [main] DEBUG o.p.k.k.KdtSpringOrderApplicationTests - Running with Spring Boot v2.6.6, Spring v5.3.18
22:33:53.427 [main] INFO  o.p.k.k.KdtSpringOrderApplicationTests - No active profile set, falling back to 1 default profile: "default"
22:34:39.865 [main] INFO  o.p.k.k.KdtSpringOrderApplicationTests - Starting KdtSpringOrderApplicationTests using Java 18 on Jungui-MacBookPro.local with PID 79721 (started by jung in /Users/jung/Desktop/Dev/Programmers_BackEnd_Dev-Course/springboot/kdt-spring-order)
22:34:39.866 [main] DEBUG o.p.k.k.KdtSpringOrderApplicationTests - Running with Spring Boot v2.6.6, Spring v5.3.18
22:34:39.866 [main] INFO  o.p.k.k.KdtSpringOrderApplicationTests - No active profile set, falling back to 1 default profile: "default"
22:34:40.059 [main] INFO  o.p.k.k.KdtSpringOrderApplicationTests - Starting KdtSpringOrderApplicationTests using Java 18 on Jungui-MacBookPro.local with PID 79721 (started by jung in /Users/jung/Desktop/Dev/Programmers_BackEnd_Dev-Course/springboot/kdt-spring-order)
22:34:40.059 [main] DEBUG o.p.k.k.KdtSpringOrderApplicationTests - Running with Spring Boot v2.6.6, Spring v5.3.18
22:34:40.059 [main] INFO  o.p.k.k.KdtSpringOrderApplicationTests - No active profile set, falling back to 1 default profile: "default"
